{
  "RSpec": {
    "coverage": {
      "/Users/wkotzan/Development/gem-development/ystock/lib/ystock/ystock.rb": [
        1,
        null,
        1,
        1,
        1,
        null,
        1,
        3,
        3,
        null,
        1,
        null,
        null,
        2,
        null,
        null,
        null,
        1,
        null,
        1,
        3,
        null,
        3,
        4,
        null,
        null,
        null,
        null,
        null,
        null,
        null,
        null,
        null,
        null,
        null,
        null,
        null,
        null,
        null,
        null,
        null,
        null,
        null,
        null,
        null,
        null,
        null,
        null,
        null,
        null,
        null,
        null,
        null,
        3,
        null,
        null,
        1,
        null,
        3,
        3,
        3,
        3,
        null,
        3,
        null,
        null,
        1,
        3,
        3,
        129,
        129,
        null,
        3,
        null,
        null,
        1,
        4,
        4,
        4,
        null,
        4,
        145,
        null,
        null,
        4,
        null,
        4,
        null,
        null,
        1,
        145,
        null,
        null,
        1,
        1,
        null,
        null
      ],
      "/Users/wkotzan/Development/gem-development/ystock/lib/ystock/yahoo_api.rb": [
        1,
        1,
        1,
        null,
        null,
        null,
        null,
        null,
        null,
        null,
        null,
        null,
        null,
        null,
        null,
        null,
        null,
        null,
        null,
        null,
        null,
        1,
        null,
        null,
        null,
        null,
        null,
        null,
        null,
        null,
        null,
        null,
        null,
        null,
        null,
        null,
        null,
        null,
        null,
        null,
        null,
        null,
        null,
        null,
        null,
        null,
        null,
        null,
        null,
        null,
        null,
        null,
        null,
        null,
        null,
        null,
        null,
        null,
        null,
        null,
        null,
        null,
        null,
        null,
        null,
        null,
        null,
        null,
        null,
        null,
        null,
        null,
        null,
        null,
        null,
        null,
        null,
        null,
        null,
        null,
        null,
        null,
        null,
        null,
        null,
        null,
        null,
        null,
        null,
        null,
        null,
        null,
        null,
        null,
        null,
        null,
        null,
        null,
        null,
        null,
        null,
        null,
        null,
        null,
        null,
        null,
        null,
        null,
        null,
        null,
        null,
        null,
        null,
        null,
        null,
        null,
        null,
        null,
        null,
        null,
        null,
        null,
        null,
        null
      ]
    },
    "timestamp": 1446434369
  }
}
